Build started 2015-07-04 14:06:40.
     1>Project "F:\ProjectDackJaniels\ProjectDackJaniels\Project\szkielet4\szkielet4.vcxproj" on node 2 (Build target(s)).
     1>ClCompile:
         F:\Visual Studio Ultimate 2013\VC\bin\CL.exe /c /ZI /nologo /W3 /WX- /Od /Oy- /D WIN32 /D _DEBUG /D _CONSOLE /D _UNICODE /D UNICODE /Gm /EHsc /RTC1 /MDd /GS /fp:precise /Zc:wchar_t /Zc:forScope /Fo"Debug\\" /Fd"Debug\vc120.pdb" /Gd /TP /analyze- /errorReport:prompt main_file.cpp
         main_file.cpp
     1>f:\projectdackjaniels\projectdackjaniels\project\szkielet4\model_obj.cpp(98): warning C4172: returning address of local variable or temporary
     1>f:\projectdackjaniels\projectdackjaniels\project\szkielet4\model_obj.cpp(116): warning C4996: 'fopen': This function or variable may be unsafe. Consider using fopen_s instead. To disable deprecation, use _CRT_SECURE_NO_WARNINGS. See online help for details.
                 f:\visual studio ultimate 2013\vc\include\stdio.h(211) : see declaration of 'fopen'
     1>f:\projectdackjaniels\projectdackjaniels\project\szkielet4\model_obj.cpp(127): warning C4996: 'fscanf': This function or variable may be unsafe. Consider using fscanf_s instead. To disable deprecation, use _CRT_SECURE_NO_WARNINGS. See online help for details.
                 f:\visual studio ultimate 2013\vc\include\stdio.h(230) : see declaration of 'fscanf'
     1>f:\projectdackjaniels\projectdackjaniels\project\szkielet4\model_obj.cpp(135): warning C4996: 'fscanf': This function or variable may be unsafe. Consider using fscanf_s instead. To disable deprecation, use _CRT_SECURE_NO_WARNINGS. See online help for details.
                 f:\visual studio ultimate 2013\vc\include\stdio.h(230) : see declaration of 'fscanf'
     1>f:\projectdackjaniels\projectdackjaniels\project\szkielet4\model_obj.cpp(140): warning C4996: 'fscanf': This function or variable may be unsafe. Consider using fscanf_s instead. To disable deprecation, use _CRT_SECURE_NO_WARNINGS. See online help for details.
                 f:\visual studio ultimate 2013\vc\include\stdio.h(230) : see declaration of 'fscanf'
     1>f:\projectdackjaniels\projectdackjaniels\project\szkielet4\model_obj.cpp(146): warning C4996: 'fscanf': This function or variable may be unsafe. Consider using fscanf_s instead. To disable deprecation, use _CRT_SECURE_NO_WARNINGS. See online help for details.
                 f:\visual studio ultimate 2013\vc\include\stdio.h(230) : see declaration of 'fscanf'
     1>f:\projectdackjaniels\projectdackjaniels\project\szkielet4\model_obj.cpp(152): warning C4996: 'fscanf': This function or variable may be unsafe. Consider using fscanf_s instead. To disable deprecation, use _CRT_SECURE_NO_WARNINGS. See online help for details.
                 f:\visual studio ultimate 2013\vc\include\stdio.h(230) : see declaration of 'fscanf'
     1>f:\projectdackjaniels\projectdackjaniels\project\szkielet4\main_file.cpp(243): warning C4244: '+=' : conversion from 'double' to 'float', possible loss of data
     1>f:\projectdackjaniels\projectdackjaniels\project\szkielet4\main_file.cpp(244): warning C4244: '+=' : conversion from 'double' to 'float', possible loss of data
       Link:
         F:\Visual Studio Ultimate 2013\VC\bin\link.exe /ERRORREPORT:PROMPT /OUT:"F:\ProjectDackJaniels\ProjectDackJaniels\Project\Debug\szkielet4.exe" /INCREMENTAL /NOLOGO OPENGL32.LIB freeglut.lib glew32.lib kernel32.lib user32.lib gdi32.lib winspool.lib comdlg32.lib advapi32.lib shell32.lib ole32.lib oleaut32.lib uuid.lib odbc32.lib odbccp32.lib /MANIFEST /MANIFESTUAC:"level='asInvoker' uiAccess='false'" /manifest:embed /DEBUG /PDB:"F:\ProjectDackJaniels\ProjectDackJaniels\Project\Debug\szkielet4.pdb" /SUBSYSTEM:CONSOLE /TLBID:1 /DYNAMICBASE /NXCOMPAT /IMPLIB:"F:\ProjectDackJaniels\ProjectDackJaniels\Project\Debug\szkielet4.lib" /MACHINE:X86 Debug\main_file.obj
         Debug\shaderprogram.obj
         Debug\tga.obj
         szkielet4.vcxproj -> F:\ProjectDackJaniels\ProjectDackJaniels\Project\Debug\szkielet4.exe
     1>Done Building Project "F:\ProjectDackJaniels\ProjectDackJaniels\Project\szkielet4\szkielet4.vcxproj" (Build target(s)).

Build succeeded.

Time Elapsed 00:00:00.85
